<?xml version="1.0" encoding="UTF-8"?>
<!-- Generated by org.testng.reporters.JUnitReportReporter -->
<testsuite hostname="IgorIlin" failures="0" tests="1" name="vkTest" time="6.069" errors="0" timestamp="2020-01-30T17:12:32 MSK" skipped="0">
  <testcase classname="vkTest" name="OpenWindowsChrome" time="6.069"/>
  <system-out/>
</testsuite> <!-- vkTest -->
